[november-personal-portfolio.bitballoon.com/video bg.html]
[backblue.gif]
[fade.gif]
[index.html]
[d33wubrfki0l68.cloudfront.net/bundles/b9b4449295a5f34e6c9af0801911ed87e3c204f2.css]
[d33wubrfki0l68.cloudfront.net/js/21e666fab8b7adeb3454c8930b10ff2840e1df2f/js/html5shiv.js]
[d33wubrfki0l68.cloudfront.net/js/75c13038f98fb9a4d258df3fb3d754541792d993/js/respond-1.4.2/respond.min.js]
[november-personal-portfolio.bitballoon.com/Best-Background-Video-for-website - 10Youtube.com.mp4]
[november-personal-portfolio.bitballoon.com/images/pexels-photo (1).jpg]
[d33wubrfki0l68.cloudfront.net/73ed41ed8fa9620eebcf2c0b86408e93a1b764b0/5dffb/images/1.jpg]
[d33wubrfki0l68.cloudfront.net/82855c8a77d65edb20e2edb6b6fd61c92e3993ef/d7162/images/2.jpg]
[d33wubrfki0l68.cloudfront.net/33bb9035c1e320d9ed60c56733ff0c92a9201008/270c8/images/3.jpg]
[d33wubrfki0l68.cloudfront.net/e246f597a19b84def45d88215ae3ae24682e1e31/2ddfb/images/4.jpg]
[november-personal-portfolio.bitballoon.com/images/pexels-photo.jpg]
[d33wubrfki0l68.cloudfront.net/39f0cfae4718c6030feb680570360b92d0fe14bf/d1403/images/pexels-photo.jpg]
[d33wubrfki0l68.cloudfront.net/fc10e7157d9c2eeb25f8ef052470b1881ff21c68/2f28d/images/desk-white-black-header.jpg]
[d33wubrfki0l68.cloudfront.net/bffd032b0dc0d4e437ecfecb989b5d7c29a84a3c/9c7d8/images/pexels-photo-205321.png]
[d33wubrfki0l68.cloudfront.net/f06661f57aae1a2ed6776d275a27066ed73183ca/2df8e/images/pexels-photo-27458.jpg]
[november-personal-portfolio.bitballoon.com/images/test 1.jpg]
[d33wubrfki0l68.cloudfront.net/bundles/d70a114728572d0ef62888c8fcbb382653cdd6d7.js]
[november-personal-portfolio.bitballoon.com/video bg.html]
[d33wubrfki0l68.cloudfront.net/bundles/owl.video.play.11.delayed]
[d33wubrfki0l68.cloudfront.net/images/3ca48361cfe0e41163023d03c26296f375bb3eac/close.png]
[d33wubrfki0l68.cloudfront.net/images/cf720b50cf8dde0e1a84ce1c6a77788bfc5882d5/loading.gif]
[d33wubrfki0l68.cloudfront.net/images/6640a3432f7ba7aea6129cdf7a5d3eabd47c295c/prev.png]
[d33wubrfki0l68.cloudfront.net/images/777e92c050f600b4519299c3d786b8f2f459fea4/next.png]
[d33wubrfki0l68.cloudfront.net/bundles/b9b4449295a5f34e6c9af0801911ed87e3c204f2.css]
[d33wubrfki0l68.cloudfront.net/bundles/owl.video.play.html]
